[INFO] Scanning for projects...
[INFO] 
[INFO] ---------------------< edu.cit.yabao:supportstack >---------------------
[INFO] Building supportstack 0.0.1-SNAPSHOT
[INFO]   from pom.xml
[INFO] --------------------------------[ jar ]---------------------------------
[INFO] 
[INFO] >>> spring-boot:3.5.11:run (default-cli) > test-compile @ supportstack >>>
[INFO] 
[INFO] --- resources:3.3.1:resources (default-resources) @ supportstack ---
[INFO] Copying 1 resource from src\main\resources to target\classes
[INFO] Copying 0 resource from src\main\resources to target\classes
[INFO] 
[INFO] --- compiler:3.14.1:compile (default-compile) @ supportstack ---
[INFO] Nothing to compile - all classes are up to date.
[INFO] 
[INFO] --- resources:3.3.1:testResources (default-testResources) @ supportstack ---
[INFO] skip non existing resourceDirectory C:\Users\Yabao\Documents\BSIT\2526-2ndSem\IT342-G3- System Integration and Management\Fullstack\Supportstack\backend\supportstack\src\test\resources
[INFO] 
[INFO] --- compiler:3.14.1:testCompile (default-testCompile) @ supportstack ---
[INFO] Nothing to compile - all classes are up to date.
[INFO] 
[INFO] <<< spring-boot:3.5.11:run (default-cli) < test-compile @ supportstack <<<
[INFO] 
[INFO] 
[INFO] --- spring-boot:3.5.11:run (default-cli) @ supportstack ---
[INFO] Attaching agents: []

  .   ____          _            __ _ _
 /\\ / ___'_ __ _ _(_)_ __  __ _ \ \ \ \
( ( )\___ | '_ | '_| | '_ \/ _` | \ \ \ \
 \\/  ___)| |_)| | | | | || (_| |  ) ) ) )
  '  |____| .__|_| |_|_| |_\__, | / / / /
 =========|_|==============|___/=/_/_/_/

 :: Spring Boot ::               (v3.5.11)

2026-04-11T16:24:01.162+08:00  INFO 25144 --- [supportstack] [           main] e.c.y.s.SupportstackApplication          : Starting SupportstackApplication using Java 17.0.16 with PID 25144 (C:\Users\Yabao\Documents\BSIT\2526-2ndSem\IT342-G3- System Integration and Management\Fullstack\Supportstack\backend\supportstack\target\classes started by Yabao in C:\Users\Yabao\Documents\BSIT\2526-2ndSem\IT342-G3- System Integration and Management\Fullstack\Supportstack\backend\supportstack)
2026-04-11T16:24:01.165+08:00  INFO 25144 --- [supportstack] [           main] e.c.y.s.SupportstackApplication          : No active profile set, falling back to 1 default profile: "default"
2026-04-11T16:24:01.676+08:00  INFO 25144 --- [supportstack] [           main] .s.d.r.c.RepositoryConfigurationDelegate : Bootstrapping Spring Data JPA repositories in DEFAULT mode.
2026-04-11T16:24:01.725+08:00  INFO 25144 --- [supportstack] [           main] .s.d.r.c.RepositoryConfigurationDelegate : Finished Spring Data repository scanning in 39 ms. Found 4 JPA repository interfaces.
2026-04-11T16:24:02.099+08:00  INFO 25144 --- [supportstack] [           main] o.s.b.w.embedded.tomcat.TomcatWebServer  : Tomcat initialized with port 8080 (http)
2026-04-11T16:24:02.117+08:00  INFO 25144 --- [supportstack] [           main] o.apache.catalina.core.StandardService   : Starting service [Tomcat]
2026-04-11T16:24:02.117+08:00  INFO 25144 --- [supportstack] [           main] o.apache.catalina.core.StandardEngine    : Starting Servlet engine: [Apache Tomcat/10.1.52]
2026-04-11T16:24:02.157+08:00  INFO 25144 --- [supportstack] [           main] o.a.c.c.C.[Tomcat].[localhost].[/]       : Initializing Spring embedded WebApplicationContext
2026-04-11T16:24:02.159+08:00  INFO 25144 --- [supportstack] [           main] w.s.c.ServletWebServerApplicationContext : Root WebApplicationContext: initialization completed in 956 ms
2026-04-11T16:24:02.233+08:00  INFO 25144 --- [supportstack] [           main] o.hibernate.jpa.internal.util.LogHelper  : HHH000204: Processing PersistenceUnitInfo [name: default]
2026-04-11T16:24:02.270+08:00  INFO 25144 --- [supportstack] [           main] org.hibernate.Version                    : HHH000412: Hibernate ORM core version 6.6.42.Final
2026-04-11T16:24:02.291+08:00  INFO 25144 --- [supportstack] [           main] o.h.c.internal.RegionFactoryInitiator    : HHH000026: Second-level cache disabled
2026-04-11T16:24:02.464+08:00  INFO 25144 --- [supportstack] [           main] o.s.o.j.p.SpringPersistenceUnitInfo      : No LoadTimeWeaver setup: ignoring JPA class transformer
2026-04-11T16:24:02.492+08:00  INFO 25144 --- [supportstack] [           main] com.zaxxer.hikari.HikariDataSource       : HikariPool-1 - Starting...
2026-04-11T16:24:03.511+08:00  INFO 25144 --- [supportstack] [           main] com.zaxxer.hikari.pool.HikariPool        : HikariPool-1 - Added connection org.postgresql.jdbc.PgConnection@2aac8ad7
2026-04-11T16:24:03.512+08:00  INFO 25144 --- [supportstack] [           main] com.zaxxer.hikari.HikariDataSource       : HikariPool-1 - Start completed.
2026-04-11T16:24:04.051+08:00  INFO 25144 --- [supportstack] [           main] org.hibernate.orm.connections.pooling    : HHH10001005: Database info:
	Database JDBC URL [Connecting through datasource 'HikariDataSource (HikariPool-1)']
	Database driver: undefined/unknown
	Database version: 17.6
	Autocommit mode: undefined/unknown
	Isolation level: undefined/unknown
	Minimum pool size: undefined/unknown
	Maximum pool size: undefined/unknown
2026-04-11T16:24:04.706+08:00  INFO 25144 --- [supportstack] [           main] o.h.e.t.j.p.i.JtaPlatformInitiator       : HHH000489: No JTA platform available (set 'hibernate.transaction.jta.platform' to enable JTA platform integration)
2026-04-11T16:24:07.362+08:00  INFO 25144 --- [supportstack] [           main] j.LocalContainerEntityManagerFactoryBean : Initialized JPA EntityManagerFactory for persistence unit 'default'
2026-04-11T16:24:07.611+08:00  INFO 25144 --- [supportstack] [           main] o.s.d.j.r.query.QueryEnhancerFactory     : Hibernate is in classpath; If applicable, HQL parser will be used.
2026-04-11T16:24:07.902+08:00  INFO 25144 --- [supportstack] [           main] r$InitializeUserDetailsManagerConfigurer : Global AuthenticationManager configured with UserDetailsService bean with name appUserDetailsService
2026-04-11T16:24:08.229+08:00  WARN 25144 --- [supportstack] [           main] ConfigServletWebServerApplicationContext : Exception encountered during context initialization - cancelling refresh attempt: org.springframework.context.ApplicationContextException: Failed to start bean 'webServerStartStop'
2026-04-11T16:24:08.240+08:00  INFO 25144 --- [supportstack] [           main] j.LocalContainerEntityManagerFactoryBean : Closing JPA EntityManagerFactory for persistence unit 'default'
2026-04-11T16:24:08.242+08:00  INFO 25144 --- [supportstack] [           main] com.zaxxer.hikari.HikariDataSource       : HikariPool-1 - Shutdown initiated...
2026-04-11T16:24:09.000+08:00  INFO 25144 --- [supportstack] [           main] com.zaxxer.hikari.HikariDataSource       : HikariPool-1 - Shutdown completed.
2026-04-11T16:24:09.009+08:00  INFO 25144 --- [supportstack] [           main] .s.b.a.l.ConditionEvaluationReportLogger : 

Error starting ApplicationContext. To display the condition evaluation report re-run your application with 'debug' enabled.
2026-04-11T16:24:09.020+08:00 ERROR 25144 --- [supportstack] [           main] o.s.b.d.LoggingFailureAnalysisReporter   : 

***************************
APPLICATION FAILED TO START
***************************

Description:

Web server failed to start. Port 8080 was already in use.

Action:

Identify and stop the process that's listening on port 8080 or configure this application to listen on another port.

[INFO] ------------------------------------------------------------------------
[INFO] BUILD FAILURE
[INFO] ------------------------------------------------------------------------
[INFO] Total time:  9.896 s
[INFO] Finished at: 2026-04-11T16:24:09+08:00
[INFO] ------------------------------------------------------------------------
[ERROR] Failed to execute goal org.springframework.boot:spring-boot-maven-plugin:3.5.11:run (default-cli) on project supportstack: Process terminated with exit code: 1 -> [Help 1]
[ERROR] 
[ERROR] To see the full stack trace of the errors, re-run Maven with the -e switch.
[ERROR] Re-run Maven using the -X switch to enable full debug logging.
[ERROR] 
[ERROR] For more information about the errors and possible solutions, please read the following articles:
[ERROR] [Help 1] http://cwiki.apache.org/confluence/display/MAVEN/MojoExecutionException
